{"level":"error","message":"Sat May 17 2025 14:10:58 GMT+0200 (Central European Summer Time)-{\"name\":\"Data Not found\",\"statusCode\":500,\"isOperational\":true}","private":true}
{"level":"error","message":"Sat May 17 2025 18:12:09 GMT+0200 (Central European Summer Time)-{}","private":true}
{"level":"error","message":"Sat May 17 2025 18:15:17 GMT+0200 (Central European Summer Time)-{}","private":true}
{"level":"error","message":"Sun May 18 2025 10:08:10 GMT+0200 (Central European Summer Time)-{}","private":true}
{"level":"error","message":"Sun May 18 2025 10:09:32 GMT+0200 (Central European Summer Time)-{}","private":true}
{"level":"error","message":"Sun May 18 2025 10:11:33 GMT+0200 (Central European Summer Time)-{\"name\":\"Data Not found\",\"statusCode\":{},\"isOperational\":true}","private":true}
{"level":"error","message":"Sun May 18 2025 10:12:32 GMT+0200 (Central European Summer Time)-{\"name\":\"Data Not found\",\"statusCode\":{},\"isOperational\":true}","private":true}
{"level":"error","message":"Sun May 18 2025 10:12:54 GMT+0200 (Central European Summer Time)-{}","private":true}
{"level":"error","message":"Sun May 18 2025 10:13:26 GMT+0200 (Central European Summer Time)-{}","private":true}
{"level":"error","message":"Sun May 18 2025 13:56:57 GMT+0200 (Central European Summer Time)-{}","private":true}
{"level":"error","message":"Sun May 18 2025 13:57:30 GMT+0200 (Central European Summer Time)-{}","private":true}
{"level":"error","message":"Sun May 18 2025 13:57:42 GMT+0200 (Central European Summer Time)-{}","private":true}
{"level":"error","message":"Sun May 18 2025 13:59:21 GMT+0200 (Central European Summer Time)-{}","private":true}
{"level":"error","message":"Sun May 18 2025 14:00:17 GMT+0200 (Central European Summer Time)-{}","private":true}
{"level":"error","message":"Sun May 18 2025 14:02:08 GMT+0200 (Central European Summer Time)-{\"name\":\"Data Not found\",\"statusCode\":{\"name\":\"API Error\",\"statusCode\":500,\"isOperational\":true},\"isOperational\":true}","private":true}
{"level":"error","message":"Sun May 18 2025 14:05:54 GMT+0200 (Central European Summer Time)-{\"name\":\"Data Not found\",\"statusCode\":{\"name\":\"API Error\",\"statusCode\":500,\"isOperational\":true},\"isOperational\":true}","private":true}
{"level":"error","message":"Sun May 18 2025 14:06:58 GMT+0200 (Central European Summer Time)-{\"name\":\"Data Not found\",\"statusCode\":{\"name\":\"API Error\",\"statusCode\":500,\"isOperational\":true},\"isOperational\":true}","private":true}
{"level":"error","message":"Sun May 18 2025 14:08:17 GMT+0200 (Central European Summer Time)-{\"name\":\"Data Not found\",\"statusCode\":{\"name\":\"API Error\",\"statusCode\":500,\"isOperational\":true},\"isOperational\":true}","private":true}
{"level":"error","message":"Sun May 18 2025 14:10:04 GMT+0200 (Central European Summer Time)-{\"name\":\"Data Not found\",\"statusCode\":{\"name\":\"API Error\",\"statusCode\":500,\"isOperational\":true},\"isOperational\":true}","private":true}
{"level":"error","message":"Sun May 18 2025 14:10:50 GMT+0200 (Central European Summer Time)-{\"name\":\"Data Not found\",\"statusCode\":{\"name\":\"API Error\",\"statusCode\":500,\"isOperational\":true},\"isOperational\":true}","private":true}
{"level":"error","message":"Sun May 18 2025 14:12:16 GMT+0200 (Central European Summer Time)-{\"name\":\"Data Not found\",\"statusCode\":{\"name\":\"API Error\",\"statusCode\":500,\"isOperational\":true},\"isOperational\":true}","private":true}
{"level":"error","message":"Sun May 18 2025 14:12:43 GMT+0200 (Central European Summer Time)-{\"name\":\"Data Not found\",\"statusCode\":{\"name\":\"API Error\",\"statusCode\":500,\"isOperational\":true},\"isOperational\":true}","private":true}
{"level":"error","message":"Sun May 18 2025 14:13:08 GMT+0200 (Central European Summer Time)-{\"name\":\"Data Not found\",\"statusCode\":{\"name\":\"API Error\",\"statusCode\":500,\"isOperational\":true},\"isOperational\":true}","private":true}
{"level":"error","message":"Sun May 18 2025 14:13:50 GMT+0200 (Central European Summer Time)-{\"name\":\"Data Not found\",\"statusCode\":{\"name\":\"API Error\",\"statusCode\":500,\"isOperational\":true},\"isOperational\":true}","private":true}
{"level":"error","message":"Sun May 18 2025 14:14:11 GMT+0200 (Central European Summer Time)-{\"name\":\"Data Not found\",\"statusCode\":{\"name\":\"API Error\",\"statusCode\":500,\"isOperational\":true},\"isOperational\":true}","private":true}
{"level":"error","message":"Sun May 18 2025 14:21:11 GMT+0200 (Central European Summer Time)-{\"name\":\"Data Not found\",\"statusCode\":{\"name\":\"API Error\",\"statusCode\":500,\"isOperational\":true},\"isOperational\":true}","private":true}
{"level":"error","message":"Sun May 18 2025 14:22:04 GMT+0200 (Central European Summer Time)-{\"name\":\"Data Not found\",\"statusCode\":{\"name\":\"API Error\",\"statusCode\":500,\"isOperational\":true},\"isOperational\":true}","private":true}
{"level":"error","message":"Sun May 18 2025 14:22:58 GMT+0200 (Central European Summer Time)-{\"name\":\"Data Not found\",\"statusCode\":{\"name\":\"API Error\",\"statusCode\":500,\"isOperational\":true},\"isOperational\":true}","private":true}
{"level":"error","message":"Sun May 18 2025 14:23:23 GMT+0200 (Central European Summer Time)-{\"name\":\"Data Not found\",\"statusCode\":{\"name\":\"API Error\",\"statusCode\":500,\"isOperational\":true},\"isOperational\":true}","private":true}
{"level":"error","message":"Sun May 18 2025 14:23:33 GMT+0200 (Central European Summer Time)-{\"name\":\"Data Not found\",\"statusCode\":{\"name\":\"API Error\",\"statusCode\":500,\"isOperational\":true},\"isOperational\":true}","private":true}
{"level":"error","message":"Sun May 18 2025 14:24:06 GMT+0200 (Central European Summer Time)-{\"name\":\"Data Not found\",\"statusCode\":{\"name\":\"API Error\",\"statusCode\":500,\"isOperational\":true},\"isOperational\":true}","private":true}
{"level":"error","message":"Sun May 18 2025 14:29:18 GMT+0200 (Central European Summer Time)-{\"name\":\"Data Not found\",\"statusCode\":{\"name\":\"API Error\",\"statusCode\":500,\"isOperational\":true},\"isOperational\":true}","private":true}
{"level":"error","message":"Sun May 18 2025 14:30:22 GMT+0200 (Central European Summer Time)-{\"name\":\"Data Not found\",\"statusCode\":{\"name\":\"API Error\",\"statusCode\":500,\"isOperational\":true},\"isOperational\":true}","private":true}
{"level":"error","message":"Sun May 18 2025 14:32:47 GMT+0200 (Central European Summer Time)-{\"name\":\"Data Not found\",\"statusCode\":{\"name\":\"API Error\",\"statusCode\":500,\"isOperational\":true},\"isOperational\":true}","private":true}
{"level":"error","message":"Sun May 18 2025 14:35:56 GMT+0200 (Central European Summer Time)-{\"name\":\"Data Not found\",\"statusCode\":{\"name\":\"API Error\",\"statusCode\":500,\"isOperational\":true},\"isOperational\":true}","private":true}
{"level":"error","message":"Sun May 18 2025 14:38:46 GMT+0200 (Central European Summer Time)-{\"name\":\"Data Not found\",\"statusCode\":{\"name\":\"API Error\",\"statusCode\":500,\"isOperational\":true},\"isOperational\":true}","private":true}
{"level":"error","message":"Sun May 18 2025 14:39:06 GMT+0200 (Central European Summer Time)-{\"name\":\"Data Not found\",\"statusCode\":{\"name\":\"API Error\",\"statusCode\":500,\"isOperational\":true},\"isOperational\":true}","private":true}
{"level":"error","message":"Sun May 18 2025 14:39:22 GMT+0200 (Central European Summer Time)-{\"name\":\"Data Not found\",\"statusCode\":{\"name\":\"API Error\",\"statusCode\":500,\"isOperational\":true},\"isOperational\":true}","private":true}
{"level":"error","message":"Sun May 18 2025 14:39:58 GMT+0200 (Central European Summer Time)-{\"name\":\"Data Not found\",\"statusCode\":{\"name\":\"API Error\",\"statusCode\":500,\"isOperational\":true},\"isOperational\":true}","private":true}
{"level":"error","message":"Sun May 18 2025 14:40:56 GMT+0200 (Central European Summer Time)-{\"name\":\"Data Not found\",\"statusCode\":{\"name\":\"API Error\",\"statusCode\":500,\"isOperational\":true},\"isOperational\":true}","private":true}
{"level":"error","message":"Sun May 18 2025 14:42:42 GMT+0200 (Central European Summer Time)-{\"name\":\"Data Not found\",\"statusCode\":{\"name\":\"API Error\",\"statusCode\":500,\"isOperational\":true},\"isOperational\":true}","private":true}
{"level":"error","message":"Sun May 18 2025 15:23:04 GMT+0200 (Central European Summer Time)-{\"name\":\"Data Not found\",\"statusCode\":{\"name\":\"API Error\",\"statusCode\":500,\"isOperational\":true},\"isOperational\":true}","private":true}
{"level":"error","message":"Sun May 18 2025 15:45:32 GMT+0200 (Central European Summer Time)-{\"name\":\"Data Not found\",\"statusCode\":{\"name\":\"API Error\",\"statusCode\":500,\"isOperational\":true},\"isOperational\":true}","private":true}
{"level":"error","message":"Sun May 18 2025 15:50:13 GMT+0200 (Central European Summer Time)-{\"name\":\"Data Not found\",\"statusCode\":{\"name\":\"API Error\",\"statusCode\":500,\"isOperational\":true},\"isOperational\":true}","private":true}
{"level":"error","message":"Sun May 18 2025 15:51:02 GMT+0200 (Central European Summer Time)-{\"name\":\"Data Not found\",\"statusCode\":{\"name\":\"API Error\",\"statusCode\":500,\"isOperational\":true},\"isOperational\":true}","private":true}
{"level":"error","message":"Sun May 18 2025 15:52:26 GMT+0200 (Central European Summer Time)-{\"name\":\"Data Not found\",\"statusCode\":{\"name\":\"API Error\",\"statusCode\":500,\"isOperational\":true},\"isOperational\":true}","private":true}
{"level":"error","message":"Sun May 18 2025 15:52:40 GMT+0200 (Central European Summer Time)-{\"name\":\"Data Not found\",\"statusCode\":{\"name\":\"API Error\",\"statusCode\":500,\"isOperational\":true},\"isOperational\":true}","private":true}
{"level":"error","message":"Sun May 18 2025 15:52:49 GMT+0200 (Central European Summer Time)-{\"name\":\"Data Not found\",\"statusCode\":{\"name\":\"API Error\",\"statusCode\":500,\"isOperational\":true},\"isOperational\":true}","private":true}
